{"C:\\Users\\DELL\\Documents\\Semestre 7\\Proyecto Integrador III\\app-Equilibra\\equilibra\\schemas\\testing\\validation.ts": {"path":"C:\\Users\\DELL\\Documents\\Semestre 7\\Proyecto Integrador III\\app-Equilibra\\equilibra\\schemas\\testing\\validation.ts","statementMap":{"0":{"start":{"line":4,"column":2},"end":{"line":6,"column":3}},"1":{"start":{"line":5,"column":4},"end":{"line":5,"column":47}},"2":{"start":{"line":8,"column":2},"end":{"line":10,"column":3}},"3":{"start":{"line":9,"column":4},"end":{"line":9,"column":47}},"4":{"start":{"line":12,"column":2},"end":{"line":14,"column":3}},"5":{"start":{"line":13,"column":4},"end":{"line":13,"column":60}},"6":{"start":{"line":16,"column":2},"end":{"line":16,"column":14}}},"fnMap":{"0":{"name":"validarRegistro","decl":{"start":{"line":3,"column":16},"end":{"line":3,"column":31}},"loc":{"start":{"line":3,"column":67},"end":{"line":17,"column":1}},"line":3}},"branchMap":{"0":{"loc":{"start":{"line":4,"column":2},"end":{"line":6,"column":3}},"type":"if","locations":[{"start":{"line":4,"column":2},"end":{"line":6,"column":3}},{"start":{},"end":{}}],"line":4},"1":{"loc":{"start":{"line":8,"column":2},"end":{"line":10,"column":3}},"type":"if","locations":[{"start":{"line":8,"column":2},"end":{"line":10,"column":3}},{"start":{},"end":{}}],"line":8},"2":{"loc":{"start":{"line":8,"column":6},"end":{"line":8,"column":60}},"type":"binary-expr","locations":[{"start":{"line":8,"column":6},"end":{"line":8,"column":31}},{"start":{"line":8,"column":35},"end":{"line":8,"column":60}}],"line":8},"3":{"loc":{"start":{"line":12,"column":2},"end":{"line":14,"column":3}},"type":"if","locations":[{"start":{"line":12,"column":2},"end":{"line":14,"column":3}},{"start":{},"end":{}}],"line":12}},"s":{"0":4,"1":1,"2":3,"3":1,"4":2,"5":1,"6":1},"f":{"0":4},"b":{"0":[1,3],"1":[1,2],"2":[3,2],"3":[1,1]},"_coverageSchema":"1a1c01bbd47fc00a2c39e90264f33305004495a9","hash":"5019c0082e56d40460c721d1cdf6c1c3d2939eb2"}
,"C:\\Users\\DELL\\Documents\\Semestre 7\\Proyecto Integrador III\\app-Equilibra\\equilibra\\services\\authService.ts": {"path":"C:\\Users\\DELL\\Documents\\Semestre 7\\Proyecto Integrador III\\app-Equilibra\\equilibra\\services\\authService.ts","statementMap":{"0":{"start":{"line":6,"column":4},"end":{"line":6,"column":33}},"1":{"start":{"line":7,"column":24},"end":{"line":7,"column":55}},"2":{"start":{"line":9,"column":20},"end":{"line":19,"column":3}},"3":{"start":{"line":21,"column":2},"end":{"line":21,"column":59}},"4":{"start":{"line":23,"column":26},"end":{"line":27,"column":4}},"5":{"start":{"line":29,"column":2},"end":{"line":29,"column":69}},"6":{"start":{"line":30,"column":2},"end":{"line":30,"column":24}},"7":{"start":{"line":30,"column":13},"end":{"line":30,"column":24}},"8":{"start":{"line":31,"column":2},"end":{"line":31,"column":13}},"9":{"start":{"line":36,"column":18},"end":{"line":36,"column":52}},"10":{"start":{"line":37,"column":2},"end":{"line":41,"column":3}},"11":{"start":{"line":38,"column":4},"end":{"line":38,"column":62}},"12":{"start":{"line":40,"column":4},"end":{"line":40,"column":65}},"13":{"start":{"line":46,"column":26},"end":{"line":46,"column":85}},"14":{"start":{"line":47,"column":2},"end":{"line":47,"column":24}},"15":{"start":{"line":47,"column":13},"end":{"line":47,"column":24}},"16":{"start":{"line":48,"column":2},"end":{"line":48,"column":13}},"17":{"start":{"line":53,"column":35},"end":{"line":57,"column":13}},"18":{"start":{"line":59,"column":2},"end":{"line":59,"column":65}},"19":{"start":{"line":59,"column":25},"end":{"line":59,"column":65}},"20":{"start":{"line":60,"column":2},"end":{"line":60,"column":48}},"21":{"start":{"line":65,"column":20},"end":{"line":65,"column":49}},"22":{"start":{"line":66,"column":2},"end":{"line":66,"column":24}},"23":{"start":{"line":66,"column":13},"end":{"line":66,"column":24}},"24":{"start":{"line":70,"column":2},"end":{"line":70,"column":93}},"25":{"start":{"line":70,"column":53},"end":{"line":70,"column":93}},"26":{"start":{"line":71,"column":2},"end":{"line":71,"column":90}},"27":{"start":{"line":71,"column":51},"end":{"line":71,"column":90}},"28":{"start":{"line":72,"column":2},"end":{"line":72,"column":89}},"29":{"start":{"line":72,"column":49},"end":{"line":72,"column":89}},"30":{"start":{"line":73,"column":2},"end":{"line":73,"column":101}},"31":{"start":{"line":73,"column":46},"end":{"line":73,"column":101}},"32":{"start":{"line":74,"column":2},"end":{"line":74,"column":117}},"33":{"start":{"line":74,"column":38},"end":{"line":74,"column":117}},"34":{"start":{"line":75,"column":2},"end":{"line":75,"column":45}}},"fnMap":{"0":{"name":"registrarUsuario","decl":{"start":{"line":5,"column":22},"end":{"line":5,"column":38}},"loc":{"start":{"line":5,"column":59},"end":{"line":32,"column":1}},"line":5},"1":{"name":"loginUser","decl":{"start":{"line":35,"column":22},"end":{"line":35,"column":31}},"loc":{"start":{"line":35,"column":49},"end":{"line":42,"column":1}},"line":35},"2":{"name":"loginWithEmail","decl":{"start":{"line":45,"column":15},"end":{"line":45,"column":29}},"loc":{"start":{"line":45,"column":63},"end":{"line":49,"column":1}},"line":45},"3":{"name":"loginWithUsername","decl":{"start":{"line":52,"column":15},"end":{"line":52,"column":32}},"loc":{"start":{"line":52,"column":69},"end":{"line":61,"column":1}},"line":52},"4":{"name":"logoutUser","decl":{"start":{"line":64,"column":22},"end":{"line":64,"column":32}},"loc":{"start":{"line":64,"column":35},"end":{"line":67,"column":1}},"line":64},"5":{"name":"traducirError","decl":{"start":{"line":69,"column":9},"end":{"line":69,"column":22}},"loc":{"start":{"line":69,"column":48},"end":{"line":76,"column":1}},"line":69}},"branchMap":{"0":{"loc":{"start":{"line":30,"column":2},"end":{"line":30,"column":24}},"type":"if","locations":[{"start":{"line":30,"column":2},"end":{"line":30,"column":24}},{"start":{},"end":{}}],"line":30},"1":{"loc":{"start":{"line":37,"column":2},"end":{"line":41,"column":3}},"type":"if","locations":[{"start":{"line":37,"column":2},"end":{"line":41,"column":3}},{"start":{"line":39,"column":9},"end":{"line":41,"column":3}}],"line":37},"2":{"loc":{"start":{"line":47,"column":2},"end":{"line":47,"column":24}},"type":"if","locations":[{"start":{"line":47,"column":2},"end":{"line":47,"column":24}},{"start":{},"end":{}}],"line":47},"3":{"loc":{"start":{"line":59,"column":2},"end":{"line":59,"column":65}},"type":"if","locations":[{"start":{"line":59,"column":2},"end":{"line":59,"column":65}},{"start":{},"end":{}}],"line":59},"4":{"loc":{"start":{"line":59,"column":6},"end":{"line":59,"column":23}},"type":"binary-expr","locations":[{"start":{"line":59,"column":6},"end":{"line":59,"column":11}},{"start":{"line":59,"column":15},"end":{"line":59,"column":23}}],"line":59},"5":{"loc":{"start":{"line":66,"column":2},"end":{"line":66,"column":24}},"type":"if","locations":[{"start":{"line":66,"column":2},"end":{"line":66,"column":24}},{"start":{},"end":{}}],"line":66},"6":{"loc":{"start":{"line":70,"column":2},"end":{"line":70,"column":93}},"type":"if","locations":[{"start":{"line":70,"column":2},"end":{"line":70,"column":93}},{"start":{},"end":{}}],"line":70},"7":{"loc":{"start":{"line":71,"column":2},"end":{"line":71,"column":90}},"type":"if","locations":[{"start":{"line":71,"column":2},"end":{"line":71,"column":90}},{"start":{},"end":{}}],"line":71},"8":{"loc":{"start":{"line":72,"column":2},"end":{"line":72,"column":89}},"type":"if","locations":[{"start":{"line":72,"column":2},"end":{"line":72,"column":89}},{"start":{},"end":{}}],"line":72},"9":{"loc":{"start":{"line":73,"column":2},"end":{"line":73,"column":101}},"type":"if","locations":[{"start":{"line":73,"column":2},"end":{"line":73,"column":101}},{"start":{},"end":{}}],"line":73},"10":{"loc":{"start":{"line":74,"column":2},"end":{"line":74,"column":117}},"type":"if","locations":[{"start":{"line":74,"column":2},"end":{"line":74,"column":117}},{"start":{},"end":{}}],"line":74}},"s":{"0":0,"1":0,"2":0,"3":0,"4":0,"5":0,"6":0,"7":0,"8":0,"9":0,"10":0,"11":0,"12":0,"13":0,"14":0,"15":0,"16":0,"17":0,"18":0,"19":0,"20":0,"21":0,"22":0,"23":0,"24":3,"25":1,"26":2,"27":0,"28":2,"29":0,"30":2,"31":0,"32":2,"33":1,"34":1},"f":{"0":0,"1":0,"2":0,"3":0,"4":0,"5":3},"b":{"0":[0,0],"1":[0,0],"2":[0,0],"3":[0,0],"4":[0,0],"5":[0,0],"6":[1,2],"7":[0,2],"8":[0,2],"9":[0,2],"10":[1,1]},"_coverageSchema":"1a1c01bbd47fc00a2c39e90264f33305004495a9","hash":"ecfc2734efbe11ae0dc45ec9de2cf909e5e452ad"}
,"C:\\Users\\DELL\\Documents\\Semestre 7\\Proyecto Integrador III\\app-Equilibra\\equilibra\\services\\citaService.ts": {"path":"C:\\Users\\DELL\\Documents\\Semestre 7\\Proyecto Integrador III\\app-Equilibra\\equilibra\\services\\citaService.ts","statementMap":{"0":{"start":{"line":5,"column":24},"end":{"line":11,"column":13}},"1":{"start":{"line":13,"column":4},"end":{"line":13,"column":26}},"2":{"start":{"line":13,"column":15},"end":{"line":13,"column":26}},"3":{"start":{"line":14,"column":4},"end":{"line":14,"column":21}}},"fnMap":{"0":{"name":"getProximasCitas","decl":{"start":{"line":4,"column":23},"end":{"line":4,"column":39}},"loc":{"start":{"line":4,"column":77},"end":{"line":15,"column":1}},"line":4}},"branchMap":{"0":{"loc":{"start":{"line":13,"column":4},"end":{"line":13,"column":26}},"type":"if","locations":[{"start":{"line":13,"column":4},"end":{"line":13,"column":26}},{"start":{},"end":{}}],"line":13},"1":{"loc":{"start":{"line":14,"column":11},"end":{"line":14,"column":21}},"type":"binary-expr","locations":[{"start":{"line":14,"column":11},"end":{"line":14,"column":15}},{"start":{"line":14,"column":19},"end":{"line":14,"column":21}}],"line":14}},"s":{"0":1,"1":1,"2":0,"3":1},"f":{"0":1},"b":{"0":[0,1],"1":[1,0]},"_coverageSchema":"1a1c01bbd47fc00a2c39e90264f33305004495a9","hash":"462780c0b9abab4e8f5558e2aa0e216b2226ff6c"}
,"C:\\Users\\DELL\\Documents\\Semestre 7\\Proyecto Integrador III\\app-Equilibra\\equilibra\\services\\usuarioService.ts": {"path":"C:\\Users\\DELL\\Documents\\Semestre 7\\Proyecto Integrador III\\app-Equilibra\\equilibra\\services\\usuarioService.ts","statementMap":{"0":{"start":{"line":5,"column":29},"end":{"line":5,"column":58}},"1":{"start":{"line":7,"column":2},"end":{"line":9,"column":3}},"2":{"start":{"line":8,"column":4},"end":{"line":8,"column":58}},"3":{"start":{"line":12,"column":2},"end":{"line":26,"column":3}},"4":{"start":{"line":12,"column":15},"end":{"line":12,"column":16}},"5":{"start":{"line":13,"column":28},"end":{"line":17,"column":20}},"6":{"start":{"line":19,"column":4},"end":{"line":19,"column":26}},"7":{"start":{"line":19,"column":15},"end":{"line":19,"column":26}},"8":{"start":{"line":20,"column":4},"end":{"line":20,"column":25}},"9":{"start":{"line":20,"column":14},"end":{"line":20,"column":25}},"10":{"start":{"line":22,"column":4},"end":{"line":25,"column":5}},"11":{"start":{"line":23,"column":6},"end":{"line":23,"column":79}},"12":{"start":{"line":24,"column":6},"end":{"line":24,"column":60}},"13":{"start":{"line":24,"column":35},"end":{"line":24,"column":59}},"14":{"start":{"line":28,"column":2},"end":{"line":28,"column":105}}},"fnMap":{"0":{"name":"getUsuario","decl":{"start":{"line":4,"column":22},"end":{"line":4,"column":32}},"loc":{"start":{"line":4,"column":64},"end":{"line":29,"column":1}},"line":4},"1":{"name":"(anonymous_1)","decl":{"start":{"line":24,"column":24},"end":{"line":24,"column":25}},"loc":{"start":{"line":24,"column":35},"end":{"line":24,"column":59}},"line":24}},"branchMap":{"0":{"loc":{"start":{"line":4,"column":33},"end":{"line":4,"column":44}},"type":"default-arg","locations":[{"start":{"line":4,"column":43},"end":{"line":4,"column":44}}],"line":4},"1":{"loc":{"start":{"line":7,"column":2},"end":{"line":9,"column":3}},"type":"if","locations":[{"start":{"line":7,"column":2},"end":{"line":9,"column":3}},{"start":{},"end":{}}],"line":7},"2":{"loc":{"start":{"line":19,"column":4},"end":{"line":19,"column":26}},"type":"if","locations":[{"start":{"line":19,"column":4},"end":{"line":19,"column":26}},{"start":{},"end":{}}],"line":19},"3":{"loc":{"start":{"line":20,"column":4},"end":{"line":20,"column":25}},"type":"if","locations":[{"start":{"line":20,"column":4},"end":{"line":20,"column":25}},{"start":{},"end":{}}],"line":20},"4":{"loc":{"start":{"line":22,"column":4},"end":{"line":25,"column":5}},"type":"if","locations":[{"start":{"line":22,"column":4},"end":{"line":25,"column":5}},{"start":{},"end":{}}],"line":22}},"s":{"0":2,"1":2,"2":1,"3":1,"4":1,"5":1,"6":1,"7":0,"8":1,"9":1,"10":0,"11":0,"12":0,"13":0,"14":0},"f":{"0":2,"1":0},"b":{"0":[0],"1":[1,1],"2":[0,1],"3":[1,0],"4":[0,0]},"_coverageSchema":"1a1c01bbd47fc00a2c39e90264f33305004495a9","hash":"9ba1f079039fda786ae411ceca5c8752d042ab36"}
}
