TN:
SF:schemas\testing\validation.ts
FN:3,validarRegistro
FNF:1
FNH:1
FNDA:4,validarRegistro
DA:4,4
DA:5,1
DA:8,3
DA:9,1
DA:12,2
DA:13,1
DA:16,1
LF:7
LH:7
BRDA:4,0,0,1
BRDA:4,0,1,3
BRDA:8,1,0,1
BRDA:8,1,1,2
BRDA:8,2,0,3
BRDA:8,2,1,2
BRDA:12,3,0,1
BRDA:12,3,1,1
BRF:8
BRH:8
end_of_record
TN:
SF:services\authService.ts
FN:5,registrarUsuario
FN:35,loginUser
FN:45,loginWithEmail
FN:52,loginWithUsername
FN:64,logoutUser
FN:69,traducirError
FNF:6
FNH:1
FNDA:0,registrarUsuario
FNDA:0,loginUser
FNDA:0,loginWithEmail
FNDA:0,loginWithUsername
FNDA:0,logoutUser
FNDA:3,traducirError
DA:6,0
DA:7,0
DA:9,0
DA:21,0
DA:23,0
DA:29,0
DA:30,0
DA:31,0
DA:36,0
DA:37,0
DA:38,0
DA:40,0
DA:46,0
DA:47,0
DA:48,0
DA:53,0
DA:59,0
DA:60,0
DA:65,0
DA:66,0
DA:70,3
DA:71,2
DA:72,2
DA:73,2
DA:74,2
DA:75,1
LF:26
LH:6
BRDA:30,0,0,0
BRDA:30,0,1,0
BRDA:37,1,0,0
BRDA:37,1,1,0
BRDA:47,2,0,0
BRDA:47,2,1,0
BRDA:59,3,0,0
BRDA:59,3,1,0
BRDA:59,4,0,0
BRDA:59,4,1,0
BRDA:66,5,0,0
BRDA:66,5,1,0
BRDA:70,6,0,1
BRDA:70,6,1,2
BRDA:71,7,0,0
BRDA:71,7,1,2
BRDA:72,8,0,0
BRDA:72,8,1,2
BRDA:73,9,0,0
BRDA:73,9,1,2
BRDA:74,10,0,1
BRDA:74,10,1,1
BRF:22
BRH:7
end_of_record
TN:
SF:services\citaService.ts
FN:4,getProximasCitas
FNF:1
FNH:1
FNDA:1,getProximasCitas
DA:5,1
DA:13,1
DA:14,1
LF:3
LH:3
BRDA:13,0,0,0
BRDA:13,0,1,1
BRDA:14,1,0,1
BRDA:14,1,1,0
BRF:4
BRH:2
end_of_record
TN:
SF:services\usuarioService.ts
FN:4,getUsuario
FN:24,(anonymous_1)
FNF:2
FNH:1
FNDA:2,getUsuario
FNDA:0,(anonymous_1)
DA:5,2
DA:7,2
DA:8,1
DA:12,1
DA:13,1
DA:19,1
DA:20,1
DA:22,0
DA:23,0
DA:24,0
DA:28,0
LF:11
LH:7
BRDA:4,0,0,0
BRDA:7,1,0,1
BRDA:7,1,1,1
BRDA:19,2,0,0
BRDA:19,2,1,1
BRDA:20,3,0,1
BRDA:20,3,1,0
BRDA:22,4,0,0
BRDA:22,4,1,0
BRF:9
BRH:4
end_of_record
